"words" 1 0.014
Another 1 0.014
For 1 0.014
HELLO 1 0.014
Hello! 1 0.014
However, 2 0.027
So 1 0.014
This 2 0.027
a 1 0.014
all, 1 0.014
also 1 0.014
analysis 1 0.014
analyzing 1 0.014
and 1 0.014
any 1 0.014
at 1 0.014
be 1 0.014
before 1 0.014
consider 1 0.014
considered 1 0.014
count 1 0.014
different 2 0.027
differently 1 0.014
does 1 0.014
example, 1 0.014
file! 1 0.014
file. 1 0.014
for 1 0.014
frequency 1 0.014
from 3 0.041
hello 1 0.014
in 3 0.041
instance 1 0.014
is 7 0.096
it 2 0.027
limitation 2 0.027
might 1 0.014
more 1 0.014
normalize 1 0.014
normalized 1 0.014
not 2 0.027
note 1 0.014
now 1 0.014
number 1 0.014
of 2 0.027
one 1 0.014
other 1 0.014
our 1 0.014
plain 1 0.014
program 2 0.027
program. 1 0.014
punctuation 1 0.014
purposes, 1 0.014
quotes 1 0.014
removed 1 0.014
so 1 0.014
sometimes 1 0.014
text 1 0.014
text. 1 0.014
that 3 0.041
the 7 0.096
to 4 0.055
useful 1 0.014
want 1 0.014
we 1 0.014
well 1 0.014
well. 1 0.014
which 1 0.014
will 1 0.014
word 2 0.027
words 2 0.027
words. 1 0.014
works 2 0.027
